<?xml version="1.0" encoding="UTF-8"?>
<testng-results ignored="0" total="1" passed="1" failed="0" skipped="0">
  <reporter-output>
  </reporter-output>
  <suite started-at="2022-04-14T11:36:33 NZST" name="Suite" finished-at="2022-04-14T11:36:59 NZST" duration-ms="26592">
    <groups>
    </groups>
    <test started-at="2022-04-14T11:36:33 NZST" name="Test" finished-at="2022-04-14T11:36:59 NZST" duration-ms="26592">
      <class name="AppiumFramework.ecommerce_tc_4">
        <test-method signature="totalValidation()[pri:0, instance:AppiumFramework.ecommerce_tc_4@70e9c95d]" started-at="2022-04-14T11:36:33 NZST" name="totalValidation" finished-at="2022-04-14T11:36:59 NZST" duration-ms="26558" status="PASS">
          <reporter-output>
          </reporter-output>
        </test-method> <!-- totalValidation -->
      </class> <!-- AppiumFramework.ecommerce_tc_4 -->
    </test> <!-- Test -->
  </suite> <!-- Suite -->
</testng-results>
